2024-03-03 21:23:20 0 [Note] Starting MariaDB 10.11.6-MariaDB source revision fecd78b83785d5ae96f2c6ff340375be803cd299 as process 166
2024-03-03 21:23:20 0 [Note] InnoDB: Compressed tables use zlib 1.2.13
2024-03-03 21:23:20 0 [Note] InnoDB: Number of transaction pools: 1
2024-03-03 21:23:20 0 [Note] InnoDB: Using ARMv8 crc32 + pmull instructions
2024-03-03 21:23:20 0 [Note] mariadbd: O_TMPFILE is not supported on /tmp (disabling future attempts)
2024-03-03 21:23:20 0 [Note] InnoDB: Using Linux native AIO
2024-03-03 21:23:20 0 [Note] InnoDB: Initializing buffer pool, total size = 128.000MiB, chunk size = 2.000MiB
2024-03-03 21:23:20 0 [Note] InnoDB: Completed initialization of buffer pool
2024-03-03 21:23:20 0 [Note] InnoDB: Resetting space id's in the doublewrite buffer
2024-03-03 21:23:20 0 [Note] InnoDB: Buffered log writes (block size=512 bytes)
2024-03-03 21:23:20 0 [Note] InnoDB: End of log at LSN=1672031
2024-03-03 21:23:20 0 [ERROR] InnoDB: The change buffer is corrupted or has been removed on upgrade to MariaDB 11.0 or later
2024-03-03 21:23:20 0 [Note] InnoDB: Resizing redo log from 96.000MiB to 50.000MiB; LSN=1672031
2024-03-03 21:23:20 0 [Note] InnoDB: Buffered log writes (block size=512 bytes)
2024-03-03 21:23:20 0 [Note] InnoDB: Reinitializing innodb_undo_tablespaces= 0 from 3
2024-03-03 21:23:20 0 [Note] InnoDB: 128 rollback segments are active.
2024-03-03 21:23:20 0 [Note] InnoDB: Setting file './ibtmp1' size to 12.000MiB. Physically writing the file full; Please wait ...
2024-03-03 21:23:20 0 [Note] InnoDB: File './ibtmp1' size is now 12.000MiB.
2024-03-03 21:23:20 0 [Note] InnoDB: log sequence number 1672031; transaction id 600
2024-03-03 21:23:20 0 [Note] Plugin 'FEEDBACK' is disabled.
2024-03-03 21:23:20 0 [Note] InnoDB: Loading buffer pool(s) from /var/lib/mysql/ib_buffer_pool
2024-03-03 21:23:20 0 [Note] Server socket created on IP: '0.0.0.0'.
2024-03-03 21:23:21 0 [Note] InnoDB: Buffer pool(s) load completed at 240303 21:23:21
2024-03-03 21:23:21 0 [Warning] 'user' entry '@2a2e6b33a38c' ignored in --skip-name-resolve mode.
2024-03-03 21:23:21 0 [Warning] 'proxies_priv' entry '@% mysql@2a2e6b33a38c' ignored in --skip-name-resolve mode.
2024-03-03 21:23:21 0 [Note] /usr/bin/mariadbd: ready for connections.
Version: '10.11.6-MariaDB'  socket: '/run/mysqld/mysqld.sock'  port: 3306  Alpine Linux
2024-03-03 21:23:30 6 [Warning] 'user' entry '@2a2e6b33a38c' ignored in --skip-name-resolve mode.
2024-03-03 21:23:30 6 [Warning] 'proxies_priv' entry '@% mysql@2a2e6b33a38c' ignored in --skip-name-resolve mode.
2024-03-03 21:23:30 8 [Warning] 'user' entry '@2a2e6b33a38c' ignored in --skip-name-resolve mode.
2024-03-03 21:23:30 8 [Warning] 'proxies_priv' entry '@% mysql@2a2e6b33a38c' ignored in --skip-name-resolve mode.
2024-03-03 21:23:30 13 [Warning] 'proxies_priv' entry '@% mysql@2a2e6b33a38c' ignored in --skip-name-resolve mode.
2024-03-03 21:23:30 15 [Warning] 'proxies_priv' entry '@% mysql@2a2e6b33a38c' ignored in --skip-name-resolve mode.
