240302 20:39:58 mysqld_safe Starting mariadbd daemon with databases from /var/lib/mysql
2024-03-02 20:39:58 0 [Note] Starting MariaDB 10.11.6-MariaDB source revision fecd78b83785d5ae96f2c6ff340375be803cd299 as process 179
2024-03-02 20:39:58 0 [Warning] Setting lower_case_table_names=2 because file system for /var/lib/mysql/ is case insensitive
2024-03-02 20:39:58 0 [Note] mariadbd: Aria engine: starting recovery
recovered pages: 0% 74% 100% (0.0 seconds); tables to flush: 2 1 0
 (0.0 seconds); 
2024-03-02 20:39:58 0 [Note] mariadbd: Aria engine: recovery done
2024-03-02 20:39:58 0 [Note] InnoDB: Compressed tables use zlib 1.2.13
2024-03-02 20:39:58 0 [Note] InnoDB: Number of transaction pools: 1
2024-03-02 20:39:58 0 [Note] InnoDB: Using ARMv8 crc32 + pmull instructions
2024-03-02 20:39:58 0 [Note] mariadbd: O_TMPFILE is not supported on /tmp (disabling future attempts)
2024-03-02 20:39:58 0 [Note] InnoDB: Using Linux native AIO
2024-03-02 20:39:58 0 [Note] InnoDB: Initializing buffer pool, total size = 128.000MiB, chunk size = 2.000MiB
2024-03-02 20:39:58 0 [Note] InnoDB: Completed initialization of buffer pool
2024-03-02 20:39:58 0 [Note] InnoDB: Buffered log writes (block size=512 bytes)
2024-03-02 20:39:58 0 [Note] InnoDB: Starting crash recovery from checkpoint LSN=45502
2024-03-02 20:39:58 0 [Note] InnoDB: End of log at LSN=47076
2024-03-02 20:39:58 0 [Note] InnoDB: To recover: 9 pages
2024-03-02 20:39:58 0 [Note] InnoDB: 128 rollback segments are active.
2024-03-02 20:39:58 0 [Note] InnoDB: Removed temporary tablespace data file: "./ibtmp1"
2024-03-02 20:39:58 0 [Note] InnoDB: Setting file './ibtmp1' size to 12.000MiB. Physically writing the file full; Please wait ...
2024-03-02 20:39:58 0 [Note] InnoDB: File './ibtmp1' size is now 12.000MiB.
2024-03-02 20:39:58 0 [Note] InnoDB: log sequence number 47076; transaction id 15
2024-03-02 20:39:58 0 [Note] Plugin 'FEEDBACK' is disabled.
2024-03-02 20:39:58 0 [Note] InnoDB: Loading buffer pool(s) from /var/lib/mysql/ib_buffer_pool
2024-03-02 20:39:58 0 [Note] InnoDB: Buffer pool(s) load completed at 240302 20:39:58
2024-03-02 20:39:58 0 [Warning] 'user' entry '@2a2e6b33a38c' ignored in --skip-name-resolve mode.
2024-03-02 20:39:58 0 [Warning] 'proxies_priv' entry '@% mysql@2a2e6b33a38c' ignored in --skip-name-resolve mode.
2024-03-02 20:39:58 0 [Note] /usr/bin/mariadbd: ready for connections.
Version: '10.11.6-MariaDB'  socket: '/run/mysqld/mysqld.sock'  port: 0  Alpine Linux
2024-03-02 20:40:08 7 [Warning] 'user' entry '@2a2e6b33a38c' ignored in --skip-name-resolve mode.
2024-03-02 20:40:08 7 [Warning] 'proxies_priv' entry '@% mysql@2a2e6b33a38c' ignored in --skip-name-resolve mode.
